gh/app/build/intermediates/manifest_merge_blame_file/debug/processDebugMainManifest/manifest-merger-blame-debug-report.txt
1<?xml version="1.0" encoding="utf-8"?>
2<manifest xmlns:android="http://schemas.android.com/apk/res/android"
3    package="com.github.king"
4    android:versionCode="1"
5    android:versionName="2.1" >
6
7    <uses-sdk
8        android:minSdkVersion="24"
9        android:targetSdkVersion="34" />
10
11    <uses-permission android:name="android.permission.INTERNET" />
11-->src/main/AndroidManifest.xml:5:5-67
11-->src/main/AndroidManifest.xml:5:22-64
12    <uses-permission android:name="android.permission.ACCESS_NETWORK_STATE" />
12-->src/main/AndroidManifest.xml:6:5-79
12-->src/main/AndroidManifest.xml:6:22-76
13    <uses-permission android:name="android.permission.FOREGROUND_SERVICE" />
13-->src/main/AndroidManifest.xml:7:5-77
13-->src/main/AndroidManifest.xml:7:22-74
14    <uses-permission android:name="android.permission.FOREGROUND_SERVICE_MEDIA_PLAYBACK" />
14-->src/main/AndroidManifest.xml:8:5-92
14-->src/main/AndroidManifest.xml:8:22-89
15    <uses-permission android:name="android.permission.WAKE_LOCK" />
15-->src/main/AndroidManifest.xml:9:5-68
15-->src/main/AndroidManifest.xml:9:22-65
16    <uses-permission android:name="android.permission.POST_NOTIFICATIONS" />
16-->src/main/AndroidManifest.xml:10:5-77
16-->src/main/AndroidManifest.xml:10:22-74
17
18    <queries>
18-->src/main/AndroidManifest.xml:12:5-27:15
19        <intent>
19-->src/main/AndroidManifest.xml:14:9-18:18
20            <action android:name="android.intent.action.VIEW" />
20-->src/main/AndroidManifest.xml:15:13-65
20-->src/main/AndroidManifest.xml:15:21-62
21
22            <category android:name="android.intent.category.BROWSABLE" />
22-->src/main/AndroidManifest.xml:16:13-74
22-->src/main/AndroidManifest.xml:16:23-71
23
24            <data android:scheme="https" />
24-->src/main/AndroidManifest.xml:17:13-44
24-->src/main/AndroidManifest.xml:17:19-41
25        </intent>
26        <intent>
26-->src/main/AndroidManifest.xml:19:9-23:18
27            <action android:name="android.intent.action.VIEW" />
27-->src/main/AndroidManifest.xml:15:13-65
27-->src/main/AndroidManifest.xml:15:21-62
28
29            <category android:name="android.intent.category.BROWSABLE" />
29-->src/main/AndroidManifest.xml:16:13-74
29-->src/main/AndroidManifest.xml:16:23-71
30
31            <data android:scheme="http" />
31-->src/main/AndroidManifest.xml:17:13-44
31-->src/main/AndroidManifest.xml:17:19-41
32        </intent>
33        <intent>
33-->src/main/AndroidManifest.xml:24:9-26:18
34            <action android:name="android.support.customtabs.action.CustomTabsService" />
34-->src/main/AndroidManifest.xml:25:13-90
34-->src/main/AndroidManifest.xml:25:21-87
35        </intent>
36    </queries>
37
38    <permission
38-->[androidx.core:core:1.12.0] AndroidManifest.xml:22:5-24:47
39        android:name="com.github.king.DYNAMIC_RECEIVER_NOT_EXPORTED_PERMISSION"
39-->[androidx.core:core:1.12.0] AndroidManifest.xml:23:9-81
40        android:protectionLevel="signature" />
40-->[androidx.core:core:1.12.0] AndroidManifest.xml:24:9-44
41
42    <uses-permission android:name="com.github.king.DYNAMIC_RECEIVER_NOT_EXPORTED_PERMISSION" />
42-->[androidx.core:core:1.12.0] AndroidManifest.xml:26:5-97
42-->[androidx.core:core:1.12.0] AndroidManifest.xml:26:22-94
43
44    <application
44-->src/main/AndroidManifest.xml:29:5-63:19
45        android:allowBackup="false"
45-->src/main/AndroidManifest.xml:33:9-36
46        android:appComponentFactory="androidx.core.app.CoreComponentFactory"
46-->[androidx.core:core:1.12.0] AndroidManifest.xml:28:18-86
47        android:debuggable="true"
48        android:extractNativeLibs="false"
49        android:hardwareAccelerated="true"
49-->src/main/AndroidManifest.xml:34:9-43
50        android:icon="@mipmap/ic_launcher"
50-->src/main/AndroidManifest.xml:30:9-43
51        android:label="@string/app_name"
51-->src/main/AndroidManifest.xml:32:9-41
52        android:roundIcon="@mipmap/ic_launcher"
52-->src/main/AndroidManifest.xml:31:9-48
53        android:supportsRtl="true"
53-->src/main/AndroidManifest.xml:35:9-35
54        android:theme="@style/Theme.Material3.DayNight.NoActionBar"
54-->src/main/AndroidManifest.xml:37:9-68
55        android:usesCleartextTraffic="true" >
55-->src/main/AndroidManifest.xml:36:9-44
56        <activity
56-->src/main/AndroidManifest.xml:40:9-56:20
57            android:name="com.github.king.MainActivity"
57-->src/main/AndroidManifest.xml:41:13-41
58            android:configChanges="orientation|keyboardHidden|screenSize"
58-->src/main/AndroidManifest.xml:44:13-74
59            android:exported="true"
59-->src/main/AndroidManifest.xml:42:13-36
60            android:launchMode="singleTask" >
60-->src/main/AndroidManifest.xml:43:13-44
61            <intent-filter>
61-->src/main/AndroidManifest.xml:45:13-48:29
62                <action android:name="android.intent.action.MAIN" />
62-->src/main/AndroidManifest.xml:46:17-69
62-->src/main/AndroidManifest.xml:46:25-66
63
64                <category android:name="android.intent.category.LAUNCHER" />
64-->src/main/AndroidManifest.xml:47:17-77
64-->src/main/AndroidManifest.xml:47:27-74
65            </intent-filter>
66            <intent-filter>
66-->src/main/AndroidManifest.xml:50:13-55:29
67                <action android:name="android.intent.action.VIEW" />
67-->src/main/AndroidManifest.xml:15:13-65
67-->src/main/AndroidManifest.xml:15:21-62
68
69                <category android:name="android.intent.category.DEFAULT" />
69-->src/main/AndroidManifest.xml:52:17-76
69-->src/main/AndroidManifest.xml:52:27-73
70                <category android:name="android.intent.category.BROWSABLE" />
70-->src/main/AndroidManifest.xml:16:13-74
70-->src/main/AndroidManifest.xml:16:23-71
71
72                <data
72-->src/main/AndroidManifest.xml:17:13-44
73                    android:host="login"
73-->src/main/AndroidManifest.xml:54:43-63
74                    android:scheme="gk" />
74-->src/main/AndroidManifest.xml:17:19-41
75            </intent-filter>
76        </activity>
77
78        <service
78-->src/main/AndroidManifest.xml:58:9-61:61
79            android:name="com.github.king.MediaService"
79-->src/main/AndroidManifest.xml:59:13-41
80            android:exported="false"
80-->src/main/AndroidManifest.xml:60:13-37
81            android:foregroundServiceType="mediaPlayback" />
81-->src/main/AndroidManifest.xml:61:13-58
82
83        <provider
83-->[androidx.emoji2:emoji2:1.2.0] AndroidManifest.xml:24:9-32:20
84            android:name="androidx.startup.InitializationProvider"
84-->[androidx.emoji2:emoji2:1.2.0] AndroidManifest.xml:25:13-67
85            android:authorities="com.github.king.androidx-startup"
85-->[androidx.emoji2:emoji2:1.2.0] AndroidManifest.xml:26:13-68
86            android:exported="false" >
86-->[androidx.emoji2:emoji2:1.2.0] AndroidManifest.xml:27:13-37
87            <meta-data
87-->[androidx.emoji2:emoji2:1.2.0] AndroidManifest.xml:29:13-31:52
88                android:name="androidx.emoji2.text.EmojiCompatInitializer"
88-->[androidx.emoji2:emoji2:1.2.0] AndroidManifest.xml:30:17-75
89                android:value="androidx.startup" />
89-->[androidx.emoji2:emoji2:1.2.0] AndroidManifest.xml:31:17-49
90            <meta-data
90-->[androidx.lifecycle:lifecycle-process:2.6.1] AndroidManifest.xml:29:13-31:52
91                android:name="androidx.lifecycle.ProcessLifecycleInitializer"
91-->[androidx.lifecycle:lifecycle-process:2.6.1] AndroidManifest.xml:30:17-78
92                android:value="androidx.startup" />
92-->[androidx.lifecycle:lifecycle-process:2.6.1] AndroidManifest.xml:31:17-49
93            <meta-data
93-->[androidx.profileinstaller:profileinstaller:1.3.0] AndroidManifest.xml:29:13-31:52
94                android:name="androidx.profileinstaller.ProfileInstallerInitializer"
94-->[androidx.profileinstaller:profileinstaller:1.3.0] AndroidManifest.xml:30:17-85
95                android:value="androidx.startup" />
95-->[androidx.profileinstaller:profileinstaller:1.3.0] AndroidManifest.xml:31:17-49
96        </provider>
97
98        <receiver
98-->[androidx.profileinstaller:profileinstaller:1.3.0] AndroidManifest.xml:34:9-52:20
99            android:name="androidx.profileinstaller.ProfileInstallReceiver"
99-->[androidx.profileinstaller:profileinstaller:1.3.0] AndroidManifest.xml:35:13-76
100            android:directBootAware="false"
100-->[androidx.profileinstaller:profileinstaller:1.3.0] AndroidManifest.xml:36:13-44
101            android:enabled="true"
101-->[androidx.profileinstaller:profileinstaller:1.3.0] AndroidManifest.xml:37:13-35
102            android:exported="true"
102-->[androidx.profileinstaller:profileinstaller:1.3.0] AndroidManifest.xml:38:13-36
103            android:permission="android.permission.DUMP" >
103-->[androidx.profileinstaller:profileinstaller:1.3.0] AndroidManifest.xml:39:13-57
104            <intent-filter>
104-->[androidx.profileinstaller:profileinstaller:1.3.0] AndroidManifest.xml:40:13-42:29
105                <action android:name="androidx.profileinstaller.action.INSTALL_PROFILE" />
105-->[androidx.profileinstaller:profileinstaller:1.3.0] AndroidManifest.xml:41:17-91
105-->[androidx.profileinstaller:profileinstaller:1.3.0] AndroidManifest.xml:41:25-88
106            </intent-filter>
107            <intent-filter>
107-->[androidx.profileinstaller:profileinstaller:1.3.0] AndroidManifest.xml:43:13-45:29
108                <action android:name="androidx.profileinstaller.action.SKIP_FILE" />
108-->[androidx.profileinstaller:profileinstaller:1.3.0] AndroidManifest.xml:44:17-85
108-->[androidx.profileinstaller:profileinstaller:1.3.0] AndroidManifest.xml:44:25-82
109            </intent-filter>
110            <intent-filter>
110-->[androidx.profileinstaller:profileinstaller:1.3.0] AndroidManifest.xml:46:13-48:29
111                <action android:name="androidx.profileinstaller.action.SAVE_PROFILE" />
111-->[androidx.profileinstaller:profileinstaller:1.3.0] AndroidManifest.xml:47:17-88
111-->[androidx.profileinstaller:profileinstaller:1.3.0] AndroidManifest.xml:47:25-85
112            </intent-filter>
113            <intent-filter>
113-->[androidx.profileinstaller:profileinstaller:1.3.0] AndroidManifest.xml:49:13-51:29
114                <action android:name="androidx.profileinstaller.action.BENCHMARK_OPERATION" />
114-->[androidx.profileinstaller:profileinstaller:1.3.0] AndroidManifest.xml:50:17-95
114-->[androidx.profileinstaller:profileinstaller:1.3.0] AndroidManifest.xml:50:25-92
115            </intent-filter>
116        </receiver>
117    </application>
118
119</manifest>